#
# There is insufficient memory for the Java Runtime Environment to continue.
# Native memory allocation (malloc) failed to allocate 993776 bytes for Chunk::new
# Possible reasons:
#   The system is out of physical RAM or swap space
#   In 32 bit mode, the process size limit was hit
# Possible solutions:
#   Reduce memory load on the system
#   Increase physical memory or swap space
#   Check if swap backing store is full
#   Use 64 bit Java on a 64 bit OS
#   Decrease Java heap size (-Xmx/-Xms)
#   Decrease number of Java threads
#   Decrease Java thread stack sizes (-Xss)
#   Set larger code cache with -XX:ReservedCodeCacheSize=
# This output file may be truncated or incomplete.
#
#  Out of Memory Error (allocation.cpp:328), pid=4196, tid=5732
#
# JRE version: 7.0_25-b17
# Java VM: Java HotSpot(TM) 64-Bit Server VM (23.25-b01 mixed mode windows-amd64 compressed oops)
# Failed to write core dump. Minidumps are not enabled by default on client versions of Windows
#

---------------  T H R E A D  ---------------

Current thread (0x0000000008a9a800):  JavaThread "C2 CompilerThread0" daemon [_thread_in_native, id=5732, stack(0x0000000005420000,0x0000000005520000)]

Stack: [0x0000000005420000,0x0000000005520000]

Current CompileTask:
C2:   3083  391             com.android.dx.merge.DexMerger::transformMethods (126 bytes)


---------------  P R O C E S S  ---------------

Java Threads: ( => current thread )
  0x0000000008aac800 JavaThread "Service Thread" daemon [_thread_blocked, id=6684, stack(0x0000000009d40000,0x0000000009e40000)]
  0x0000000008aa4000 JavaThread "C2 CompilerThread1" daemon [_thread_in_native, id=5188, stack(0x000000000a0b0000,0x000000000a1b0000)]
=>0x0000000008a9a800 JavaThread "C2 CompilerThread0" daemon [_thread_in_native, id=5732, stack(0x0000000005420000,0x0000000005520000)]
  0x0000000008a99800 JavaThread "Attach Listener" daemon [_thread_blocked, id=6368, stack(0x0000000009e60000,0x0000000009f60000)]
  0x0000000008a92800 JavaThread "Signal Dispatcher" daemon [_thread_blocked, id=6396, stack(0x0000000009b40000,0x0000000009c40000)]
  0x0000000001ec7000 JavaThread "Finalizer" daemon [_thread_blocked, id=7020, stack(0x0000000009900000,0x0000000009a00000)]
  0x0000000001ebf000 JavaThread "Reference Handler" daemon [_thread_blocked, id=2096, stack(0x0000000009c40000,0x0000000009d40000)]
  0x0000000001d3d800 JavaThread "main" [_thread_in_Java, id=6176, stack(0x0000000001f90000,0x0000000002090000)]

Other Threads:
  0x0000000008a12800 VMThread [stack: 0x0000000009a20000,0x0000000009b20000] [id=5348]
  0x0000000008ab5800 WatcherThread [stack: 0x0000000005a00000,0x0000000005b00000] [id=5548]

VM state:not at safepoint (normal execution)

VM Mutex/Monitor currently owned by a thread: None

Heap
 PSYoungGen      total 18688K, used 14728K [0x00000000eaab0000, 0x00000000ecf30000, 0x0000000100000000)
  eden space 16064K, 75% used [0x00000000eaab0000,0x00000000eb6899f8,0x00000000eba60000)
  from space 2624K, 98% used [0x00000000ebcf0000,0x00000000ebf789b8,0x00000000ebf80000)
  to   space 2624K, 0% used [0x00000000eba60000,0x00000000eba60000,0x00000000ebcf0000)
 ParOldGen       total 42752K, used 15000K [0x00000000c0000000, 0x00000000c29c0000, 0x00000000eaab0000)
  object space 42752K, 35% used [0x00000000c0000000,0x00000000c0ea6070,0x00000000c29c0000)
 PSPermGen       total 21248K, used 7133K [0x00000000bae00000, 0x00000000bc2c0000, 0x00000000c0000000)
  object space 21248K, 33% used [0x00000000bae00000,0x00000000bb4f76a8,0x00000000bc2c0000)

Card table byte_map: [0x0000000005090000,0x00000000052c0000] byte_map_base: 0x0000000004ab9000

Polling page: 0x0000000000210000

Code Cache  [0x0000000002090000, 0x0000000002300000, 0x0000000005090000)
 total_blobs=651 nmethods=395 adapters=207 free_code_cache=48157Kb largest_free_block=49270208

Compilation events (10 events):
Event: 2.971 Thread 0x0000000008aa4000 nmethod 393 0x0000000002180810 code [0x0000000002180940, 0x0000000002180998]
Event: 2.979 Thread 0x0000000008aa4000  394             com.android.dx.io.instructions.DecodedInstruction::getTarget (7 bytes)
Event: 2.979 Thread 0x0000000008aa4000 nmethod 394 0x0000000002187cd0 code [0x0000000002187e00, 0x0000000002187e58]
Event: 2.981 Thread 0x0000000008aa4000  395             com.android.dx.io.instructions.DecodedInstruction::getB (2 bytes)
Event: 2.981 Thread 0x0000000008aa4000 nmethod 395 0x0000000002187a10 code [0x0000000002187b40, 0x0000000002187b98]
Event: 2.984 Thread 0x0000000008aa4000  396             com.android.dx.io.instructions.OneRegisterDecodedInstruction::getRegisterCount (2 bytes)
Event: 2.985 Thread 0x0000000008aa4000 nmethod 396 0x000000000217e050 code [0x000000000217e180, 0x000000000217e1d8]
Event: 3.000 Thread 0x0000000008aa4000  397             com.android.dex.Dex::readCode (28 bytes)
Event: 3.067 Thread 0x0000000008aa4000 nmethod 397 0x000000000218e510 code [0x000000000218e820, 0x0000000002190258]
Event: 3.068 Thread 0x0000000008aa4000  398             com.android.dex.Dex$Section::access$900 (5 bytes)

GC Heap History (8 events):
Event: 1.307 GC heap before
{Heap before GC invocations=1 (full 0):
 PSYoungGen      total 18688K, used 16064K [0x00000000eaab0000, 0x00000000ebf80000, 0x0000000100000000)
  eden space 16064K, 100% used [0x00000000eaab0000,0x00000000eba60000,0x00000000eba60000)
  from space 2624K, 0% used [0x00000000ebcf0000,0x00000000ebcf0000,0x00000000ebf80000)
  to   space 2624K, 0% used [0x00000000eba60000,0x00000000eba60000,0x00000000ebcf0000)
 ParOldGen       total 42752K, used 0K [0x00000000c0000000, 0x00000000c29c0000, 0x00000000eaab0000)
  object space 42752K, 0% used [0x00000000c0000000,0x00000000c0000000,0x00000000c29c0000)
 PSPermGen       total 21248K, used 5091K [0x00000000bae00000, 0x00000000bc2c0000, 0x00000000c0000000)
  object space 21248K, 23% used [0x00000000bae00000,0x00000000bb2f8e20,0x00000000bc2c0000)
Event: 1.314 GC heap after
Heap after GC invocations=1 (full 0):
 PSYoungGen      total 18688K, used 2608K [0x00000000eaab0000, 0x00000000ebf80000, 0x0000000100000000)
  eden space 16064K, 0% used [0x00000000eaab0000,0x00000000eaab0000,0x00000000eba60000)
  from space 2624K, 99% used [0x00000000eba60000,0x00000000ebcec028,0x00000000ebcf0000)
  to   space 2624K, 0% used [0x00000000ebcf0000,0x00000000ebcf0000,0x00000000ebf80000)
 ParOldGen       total 42752K, used 1860K [0x00000000c0000000, 0x00000000c29c0000, 0x00000000eaab0000)
  object space 42752K, 4% used [0x00000000c0000000,0x00000000c01d1378,0x00000000c29c0000)
 PSPermGen       total 21248K, used 5091K [0x00000000bae00000, 0x00000000bc2c0000, 0x00000000c0000000)
  object space 21248K, 23% used [0x00000000bae00000,0x00000000bb2f8e20,0x00000000bc2c0000)
}
Event: 2.554 GC heap before
{Heap before GC invocations=2 (full 0):
 PSYoungGen      total 18688K, used 18672K [0x00000000eaab0000, 0x00000000ebf80000, 0x0000000100000000)
  eden space 16064K, 100% used [0x00000000eaab0000,0x00000000eba60000,0x00000000eba60000)
  from space 2624K, 99% used [0x00000000eba60000,0x00000000ebcec028,0x00000000ebcf0000)
  to   space 2624K, 0% used [0x00000000ebcf0000,0x00000000ebcf0000,0x00000000ebf80000)
 ParOldGen       total 42752K, used 1860K [0x00000000c0000000, 0x00000000c29c0000, 0x00000000eaab0000)
  object space 42752K, 4% used [0x00000000c0000000,0x00000000c01d1378,0x00000000c29c0000)
 PSPermGen       total 21248K, used 7068K [0x00000000bae00000, 0x00000000bc2c0000, 0x00000000c0000000)
  object space 21248K, 33% used [0x00000000bae00000,0x00000000bb4e72d0,0x00000000bc2c0000)
Event: 2.561 GC heap after
Heap after GC invocations=2 (full 0):
 PSYoungGen      total 18688K, used 2595K [0x00000000eaab0000, 0x00000000ebf80000, 0x0000000100000000)
  eden space 16064K, 0% used [0x00000000eaab0000,0x00000000eaab0000,0x00000000eba60000)
  from space 2624K, 98% used [0x00000000ebcf0000,0x00000000ebf78e18,0x00000000ebf80000)
  to   space 2624K, 0% used [0x00000000eba60000,0x00000000eba60000,0x00000000ebcf0000)
 ParOldGen       total 42752K, used 5150K [0x00000000c0000000, 0x00000000c29c0000, 0x00000000eaab0000)
  object space 42752K, 12% used [0x00000000c0000000,0x00000000c0507910,0x00000000c29c0000)
 PSPermGen       total 21248K, used 7068K [0x00000000bae00000, 0x00000000bc2c0000, 0x00000000c0000000)
  object space 21248K, 33% used [0x00000000bae00000,0x00000000bb4e72d0,0x00000000bc2c0000)
}
Event: 2.882 GC heap before
{Heap before GC invocations=3 (full 0):
 PSYoungGen      total 18688K, used 18494K [0x00000000eaab0000, 0x00000000ebf80000, 0x0000000100000000)
  eden space 16064K, 98% used [0x00000000eaab0000,0x00000000eba36c78,0x00000000eba60000)
  from space 2624K, 98% used [0x00000000ebcf0000,0x00000000ebf78e18,0x00000000ebf80000)
  to   space 2624K, 0% used [0x00000000eba60000,0x00000000eba60000,0x00000000ebcf0000)
 ParOldGen       total 42752K, used 5150K [0x00000000c0000000, 0x00000000c29c0000, 0x00000000eaab0000)
  object space 42752K, 12% used [0x00000000c0000000,0x00000000c0507910,0x00000000c29c0000)
 PSPermGen       total 21248K, used 7109K [0x00000000bae00000, 0x00000000bc2c0000, 0x00000000c0000000)
  object space 21248K, 33% used [0x00000000bae00000,0x00000000bb4f14d8,0x00000000bc2c0000)
Event: 2.886 GC heap after
Heap after GC invocations=3 (full 0):
 PSYoungGen      total 18688K, used 2610K [0x00000000eaab0000, 0x00000000ebf80000, 0x0000000100000000)
  eden space 16064K, 0% used [0x00000000eaab0000,0x00000000eaab0000,0x00000000eba60000)
  from space 2624K, 99% used [0x00000000eba60000,0x00000000ebcec9a8,0x00000000ebcf0000)
  to   space 2624K, 0% used [0x00000000ebcf0000,0x00000000ebcf0000,0x00000000ebf80000)
 ParOldGen       total 42752K, used 8142K [0x00000000c0000000, 0x00000000c29c0000, 0x00000000eaab0000)
  object space 42752K, 19% used [0x00000000c0000000,0x00000000c07f3b10,0x00000000c29c0000)
 PSPermGen       total 21248K, used 7109K [0x00000000bae00000, 0x00000000bc2c0000, 0x00000000c0000000)
  object space 21248K, 33% used [0x00000000bae00000,0x00000000bb4f14d8,0x00000000bc2c0000)
}
Event: 2.985 GC heap before
{Heap before GC invocations=4 (full 0):
 PSYoungGen      total 18688K, used 18674K [0x00000000eaab0000, 0x00000000ebf80000, 0x0000000100000000)
  eden space 16064K, 100% used [0x00000000eaab0000,0x00000000eba60000,0x00000000eba60000)
  from space 2624K, 99% used [0x00000000eba60000,0x00000000ebcec9a8,0x00000000ebcf0000)
  to   space 2624K, 0% used [0x00000000ebcf0000,0x00000000ebcf0000,0x00000000ebf80000)
 ParOldGen       total 42752K, used 8142K [0x00000000c0000000, 0x00000000c29c0000, 0x00000000eaab0000)
  object space 42752K, 19% used [0x00000000c0000000,0x00000000c07f3b10,0x00000000c29c0000)
 PSPermGen       total 21248K, used 7131K [0x00000000bae00000, 0x00000000bc2c0000, 0x00000000c0000000)
  object space 21248K, 33% used [0x00000000bae00000,0x00000000bb4f6db8,0x00000000bc2c0000)
Event: 2.993 GC heap after
Heap after GC invocations=4 (full 0):
 PSYoungGen      total 18688K, used 2594K [0x00000000eaab0000, 0x00000000ecf30000, 0x0000000100000000)
  eden space 16064K, 0% used [0x00000000eaab0000,0x00000000eaab0000,0x00000000eba60000)
  from space 2624K, 98% used [0x00000000ebcf0000,0x00000000ebf789b8,0x00000000ebf80000)
  to   space 2624K, 0% used [0x00000000eba60000,0x00000000eba60000,0x00000000ebcf0000)
 ParOldGen       total 42752K, used 15000K [0x00000000c0000000, 0x00000000c29c0000, 0x00000000eaab0000)
  object space 42752K, 35% used [0x00000000c0000000,0x00000000c0ea6070,0x00000000c29c0000)
 PSPermGen       total 21248K, used 7131K [0x00000000bae00000, 0x00000000bc2c0000, 0x00000000c0000000)
  object space 21248K, 33% used [0x00000000bae00000,0x00000000bb4f6db8,0x00000000bc2c0000)
}

Deoptimization events (10 events):
Event: 1.252 Thread 0x0000000001d3d800 Uncommon trap -12 fr.pc 0x0000000002109dcc
Event: 2.198 Thread 0x0000000001d3d800 Uncommon trap -34 fr.pc 0x00000000021111f0
Event: 2.199 Thread 0x0000000001d3d800 Uncommon trap -34 fr.pc 0x00000000021111f0
Event: 2.381 Thread 0x0000000001d3d800 Uncommon trap -34 fr.pc 0x00000000021111f0
Event: 2.381 Thread 0x0000000001d3d800 Uncommon trap -34 fr.pc 0x00000000021111f0
Event: 2.474 Thread 0x0000000001d3d800 Uncommon trap -34 fr.pc 0x00000000021360f0
Event: 2.474 Thread 0x0000000001d3d800 Uncommon trap -34 fr.pc 0x00000000021360f0
Event: 2.474 Thread 0x0000000001d3d800 Uncommon trap -34 fr.pc 0x00000000021360f0
Event: 2.474 Thread 0x0000000001d3d800 Uncommon trap -34 fr.pc 0x00000000021360f0
Event: 2.704 Thread 0x0000000001d3d800 Uncommon trap -122 fr.pc 0x00000000021530fc

Internal exceptions (10 events):
Event: 2.351 Thread 0x0000000001d3d800 Threw 0x00000000eb5dce68 at C:\jdk7u2_64p\jdk7u25\hotspot\src\share\vm\prims\jvm.cpp:1235
Event: 2.351 Thread 0x0000000001d3d800 Threw 0x00000000eb5e0050 at C:\jdk7u2_64p\jdk7u25\hotspot\src\share\vm\prims\jvm.cpp:1235
Event: 2.351 Thread 0x0000000001d3d800 Threw 0x00000000eb5e3668 at C:\jdk7u2_64p\jdk7u25\hotspot\src\share\vm\prims\jvm.cpp:1235
Event: 2.354 Thread 0x0000000001d3d800 Threw 0x00000000eb5ea9e0 at C:\jdk7u2_64p\jdk7u25\hotspot\src\share\vm\prims\jvm.cpp:1235
Event: 2.354 Thread 0x0000000001d3d800 Threw 0x00000000eb5ecd68 at C:\jdk7u2_64p\jdk7u25\hotspot\src\share\vm\prims\jvm.cpp:1235
Event: 2.402 Thread 0x0000000001d3d800 Threw 0x00000000eb68e150 at C:\jdk7u2_64p\jdk7u25\hotspot\src\share\vm\prims\jvm.cpp:1235
Event: 2.402 Thread 0x0000000001d3d800 Threw 0x00000000eb68e278 at C:\jdk7u2_64p\jdk7u25\hotspot\src\share\vm\prims\jvm.cpp:1235
Event: 2.403 Thread 0x0000000001d3d800 Threw 0x00000000eb692298 at C:\jdk7u2_64p\jdk7u25\hotspot\src\share\vm\prims\jvm.cpp:1235
Event: 2.403 Thread 0x0000000001d3d800 Threw 0x00000000eb6923c0 at C:\jdk7u2_64p\jdk7u25\hotspot\src\share\vm\prims\jvm.cpp:1235
Event: 2.835 Thread 0x0000000001d3d800 Threw 0x00000000eb739688 at C:\jdk7u2_64p\jdk7u25\hotspot\src\share\vm\prims\jvm.cpp:1235

Events (10 events):
Event: 2.704 Thread 0x0000000001d3d800 DEOPT PACKING pc=0x00000000021530fc sp=0x000000000208ef50
Event: 2.704 Thread 0x0000000001d3d800 DEOPT UNPACKING pc=0x00000000020c9164 sp=0x000000000208eef8 mode 2
Event: 2.835 loading class 0x000000000a462270
Event: 2.835 loading class 0x000000000a462270 done
Event: 2.882 Executing VM operation: ParallelGCFailedAllocation
Event: 2.887 Executing VM operation: ParallelGCFailedAllocation done
Event: 2.907 Thread 0x0000000008aa4000 flushing nmethod 0x0000000002107750
Event: 2.907 Thread 0x0000000008aa4000 flushing nmethod 0x000000000210c710
Event: 2.985 Executing VM operation: ParallelGCFailedAllocation
Event: 2.993 Executing VM operation: ParallelGCFailedAllocation done


Dynamic libraries:
0x000000013fa80000 - 0x000000013fab3000 	C:\Program Files\Java\jdk1.7.0_25\bin\java.exe
0x00000000778c0000 - 0x0000000077a69000 	C:\Windows\SYSTEM32\ntdll.dll
0x00000000777a0000 - 0x00000000778bf000 	C:\Windows\system32\kernel32.dll
0x000007fefd9d0000 - 0x000007fefda3c000 	C:\Windows\system32\KERNELBASE.dll
0x000007fefe2e0000 - 0x000007fefe3bb000 	C:\Windows\system32\ADVAPI32.dll
0x000007fefe930000 - 0x000007fefe9cf000 	C:\Windows\system32\msvcrt.dll
0x000007fefe5e0000 - 0x000007fefe5ff000 	C:\Windows\SYSTEM32\sechost.dll
0x000007fefe600000 - 0x000007fefe72d000 	C:\Windows\system32\RPCRT4.dll
0x00000000776a0000 - 0x000000007779a000 	C:\Windows\system32\USER32.dll
0x000007feff760000 - 0x000007feff7c7000 	C:\Windows\system32\GDI32.dll
0x000007fefe1c0000 - 0x000007fefe1ce000 	C:\Windows\system32\LPK.dll
0x000007feffb00000 - 0x000007feffbc9000 	C:\Windows\system32\USP10.dll
0x000007fefc090000 - 0x000007fefc284000 	C:\Windows\WinSxS\amd64_microsoft.windows.common-controls_6595b64144ccf1df_6.0.7601.17514_none_fa396087175ac9ac\COMCTL32.dll
0x000007fefe510000 - 0x000007fefe581000 	C:\Windows\system32\SHLWAPI.dll
0x000007fefe4e0000 - 0x000007fefe50e000 	C:\Windows\system32\IMM32.DLL
0x000007fefe1d0000 - 0x000007fefe2d9000 	C:\Windows\system32\MSCTF.dll
0x000000005ee90000 - 0x000000005ef61000 	C:\Program Files\Java\jdk1.7.0_25\jre\bin\msvcr100.dll
0x0000000052870000 - 0x0000000052f7f000 	C:\Program Files\Java\jdk1.7.0_25\jre\bin\server\jvm.dll
0x000007fef8c60000 - 0x000007fef8c69000 	C:\Windows\system32\WSOCK32.dll
0x000007fefe590000 - 0x000007fefe5dd000 	C:\Windows\system32\WS2_32.dll
0x000007fefdf80000 - 0x000007fefdf88000 	C:\Windows\system32\NSI.dll
0x000007fefbb60000 - 0x000007fefbb9b000 	C:\Windows\system32\WINMM.dll
0x0000000077a90000 - 0x0000000077a97000 	C:\Windows\system32\PSAPI.DLL
0x0000000070990000 - 0x000000007099f000 	C:\Program Files\Java\jdk1.7.0_25\jre\bin\verify.dll
0x000000006d890000 - 0x000000006d8b8000 	C:\Program Files\Java\jdk1.7.0_25\jre\bin\java.dll
0x000000006d790000 - 0x000000006d7a5000 	C:\Program Files\Java\jdk1.7.0_25\jre\bin\zip.dll
0x000000006d770000 - 0x000000006d789000 	C:\Program Files\Java\jdk1.7.0_25\jre\bin\net.dll
0x000007fefce20000 - 0x000007fefce75000 	C:\Windows\system32\mswsock.dll
0x000007fefce10000 - 0x000007fefce17000 	C:\Windows\System32\wship6.dll
0x000000006d750000 - 0x000000006d761000 	C:\Program Files\Java\jdk1.7.0_25\jre\bin\nio.dll

VM Arguments:
jvm_args: -Xmx1024M -Dfile.encoding=windows-1252 -Duser.country=BR -Duser.language=pt -Duser.variant 
java_command: com.android.dx.command.Main --dex --output C:\Users\Franklin Wesley\AndroidStudioProjects\les2\app\build\intermediates\dex\debug C:\Users\Franklin Wesley\AndroidStudioProjects\les2\app\build\intermediates\classes\debug C:\Users\Franklin Wesley\AndroidStudioProjects\les2\app\build\intermediates\pre-dexed\debug\support-annotations-21.0.3-79a42bfd46f83b9643430a9a993fd49aa92f4e91.jar C:\Users\Franklin Wesley\AndroidStudioProjects\les2\app\build\intermediates\pre-dexed\debug\classes-0f9774a9323627e5dd5699e610c5cc2863a680eb.jar C:\Users\Franklin Wesley\AndroidStudioProjects\les2\app\build\intermediates\pre-dexed\debug\internal_impl-21.0.3-d0a5353d2463e74fa26bcb8430e0128582a46f27.jar C:\Users\Franklin Wesley\AndroidStudioProjects\les2\app\build\intermediates\pre-dexed\debug\classes-cd04cfd05b0670f3ca128f76e599edac86e2a77c.jar C:\Users\Franklin Wesley\AndroidStudioProjects\les2\app\build\intermediates\pre-dexed\debug\classes-132ac124425e4372e1150ded134eb06747e5c641.jar
Launcher Type: SUN_STANDARD

Environment Variables:
JAVA_HOME=C:\Program Files\Java\jdk1.7.0_25
CLASSPATH=.;C:\Program Files\Java\jdk1.7.0_25;C:\apache-ant-1.9.4/bin;C:\Users\Franklin Wesley\AndroidSDK\Android\android-sdk
PATH=C:\ProgramData\Oracle\Java\javapath;C:\Program Files\Common Files\Microsoft Shared\Windows Live;C:\Program Files (x86)\Common Files\Microsoft Shared\Windows Live;C:\Windows\system32;C:\Windows;C:\Windows\System32\Wbem;C:\Windows\System32\WindowsPowerShell\v1.0\;C:\Program Files (x86)\Windows Live\Shared;C:\Program Files (x86)\Common Files\Roxio Shared\DLLShared\;C:\Program Files (x86)\Common Files\Roxio Shared\OEM\DLLShared\;C:\Program Files (x86)\Common Files\Roxio Shared\OEM\DLLShared\;C:\Program Files (x86)\Common Files\Roxio Shared\OEM\12.0\DLLShared\;C:\Program Files (x86)\Roxio\OEM\AudioCore\;C:\Users\Franklin Wesley\AppData\Local\Smartbar\Application\;C:\Users\Franklin Wesley\AppData\Local\Smartbar\Application\;C:\Program Files\Internet Explorer;C:\Program Files (x86)\Git\cmd;C:\Program Files (x86)\Git\bin;C:\play-2.2.1;C:\Program Files\Java\jdk1.7.0_25\bin;C:\Program Files (x86)\Heroku\bin;C:\Program Files (x86)\git\cmd;C:\Program Files (x86)\CodeBlocks\MinGW\bin;C:\activator-1.3.2-minimal;C:\Program Files (x86)\Skype\Phone\;C:\apache-ant-1.9.4/bin;C:\Users\Franklin Wesley\AndroidSDK\Android\android-sdk
USERNAME=Franklin Wesley
OS=Windows_NT
PROCESSOR_IDENTIFIER=Intel64 Family 6 Model 42 Stepping 7, GenuineIntel



---------------  S Y S T E M  ---------------

OS: Windows 7 , 64 bit Build 7601 Service Pack 1

CPU:total 4 (2 cores per cpu, 2 threads per core) family 6 model 42 stepping 7, cmov, cx8, fxsr, mmx, sse, sse2, sse3, ssse3, sse4.1, sse4.2, popcnt, avx, ht, tsc, tscinvbit

Memory: 4k page, physical 4099984k(935820k free), swap 9218128k(6276k free)

vm_info: Java HotSpot(TM) 64-Bit Server VM (23.25-b01) for windows-amd64 JRE (1.7.0_25-b17), built on Jun 21 2013 12:58:32 by "java_re" with unknown MS VC++:1600

time: Thu Apr 30 01:08:23 2015
elapsed time: 3 seconds

